<?xml version="1.0" encoding="UTF-8"?>
<testsuite name="Ver distintos vuelos" tests="1" skipped="0" failures="0" errors="0" timestamp="2022-01-22T15:12:39" hostname="22LAP5CD1346NJJ" time="40.86">
  <properties/>
  <testcase name="el usuario deberia  poder distintos vuelos que coincidan con su criterio de busqueda" classname="Ver distintos vuelos" time="40.86"/>
  <system-out><![CDATA[10:12:40.164 [Test worker] INFO net.serenitybdd.core.webdriver.driverproviders.ProvideNewDriver - Instantiating driver
10:12:40.165 [Test worker] INFO net.serenitybdd.core.webdriver.driverproviders.ProvideNewDriver - Driver capabilities: Capabilities {acceptInsecureCerts: false, acceptSslCerts: true, browserName: chrome, goog:chromeOptions: {args: [], extensions: []}, incognito: true, loggingPrefs: org.openqa.selenium.logging..., platform: ANY, version: }
10:12:54.550 [Test worker] DEBUG net.serenitybdd.core.photography.Darkroom - Opening darkroom
10:12:54.551 [Darkroom Processing Line] DEBUG net.serenitybdd.core.photography.DarkroomProcessingLine - Darkroom processing line starting up
10:12:55.223 [Test worker] DEBUG net.serenitybdd.core.photography.Darkroom - Send negative for processing for C:\Users\SoporteTI\Desktop\DAVIVIENDA-PRUEBA\HU_1\target\site\serenity\e1ec96690fc78d06f1d0734a52fa0161ced6c66625a08685e4f3462c3653f1a6.png
10:12:55.226 [Darkroom Processing Line] DEBUG net.serenitybdd.core.photography.DarkroomProcessingLine - Processing screenshot image in /var/screenshots/screenshot-6829303272796231875
10:12:55.227 [Darkroom Processing Line] DEBUG net.serenitybdd.core.photography.DarkroomProcessingLine - Saving screenshot to C:\Users\SoporteTI\Desktop\DAVIVIENDA-PRUEBA\HU_1\target\site\serenity\e1ec96690fc78d06f1d0734a52fa0161ced6c66625a08685e4f3462c3653f1a6.png
10:13:02.842 [Test worker] DEBUG net.serenitybdd.core.photography.Darkroom - Send negative for processing for C:\Users\SoporteTI\Desktop\DAVIVIENDA-PRUEBA\HU_1\target\site\serenity\c0baf9ca5faf7237a058fa8738041c7dbd87a4d033c0772514f060843647f6de.png
10:13:02.845 [Darkroom Processing Line] DEBUG net.serenitybdd.core.photography.DarkroomProcessingLine - Processing screenshot image in /var/screenshots/screenshot-1687776380455370265
10:13:02.846 [Darkroom Processing Line] DEBUG net.serenitybdd.core.photography.DarkroomProcessingLine - Saving screenshot to C:\Users\SoporteTI\Desktop\DAVIVIENDA-PRUEBA\HU_1\target\site\serenity\c0baf9ca5faf7237a058fa8738041c7dbd87a4d033c0772514f060843647f6de.png
10:13:03.292 [Test worker] DEBUG net.serenitybdd.core.photography.Darkroom - Send negative for processing for C:\Users\SoporteTI\Desktop\DAVIVIENDA-PRUEBA\HU_1\target\site\serenity\c0baf9ca5faf7237a058fa8738041c7dbd87a4d033c0772514f060843647f6de.png
10:13:16.193 [Test worker] DEBUG net.serenitybdd.core.photography.Darkroom - Send negative for processing for C:\Users\SoporteTI\Desktop\DAVIVIENDA-PRUEBA\HU_1\target\site\serenity\c72c473136d5a52231eb011fa53415e61bf54936471230499a6952bc0a27009f.png
10:13:16.194 [Darkroom Processing Line] DEBUG net.serenitybdd.core.photography.DarkroomProcessingLine - Processing screenshot image in /var/screenshots/screenshot-7881041586039421051
10:13:16.195 [Darkroom Processing Line] DEBUG net.serenitybdd.core.photography.DarkroomProcessingLine - Saving screenshot to C:\Users\SoporteTI\Desktop\DAVIVIENDA-PRUEBA\HU_1\target\site\serenity\c72c473136d5a52231eb011fa53415e61bf54936471230499a6952bc0a27009f.png
10:13:19.858 [Test worker] INFO net.thucydides.core.steps.ConsoleLoggingListener - ?[92m
        __    _____ _____ ____ _____   ____   _    ____  ____  _____ ____  
  _     \ \  |_   _| ____/ ___|_   _| |  _ \ / \  / ___|/ ___|| ____|  _ \ 
 (_)_____| |   | | |  _| \___ \ | |   | |_) / _ \ \___ \\___ \|  _| | | | |
  _|_____| |   | | | |___ ___) || |   |  __/ ___ \ ___) |___) | |___| |_| |
 (_)     | |   |_| |_____|____/ |_|   |_| /_/   \_\____/|____/|_____|____/ 
        /_/                                                                

TEST PASSED: el usuario deberia  poder distintos vuelos que coincidan con su criterio de busqueda
----------------------------------------------------------------------------?[0m
]]></system-out>
  <system-err><![CDATA[ene 22, 2022 10:12:39 AM org.openqa.selenium.remote.DesiredCapabilities chrome
INFORMACIÓN: Using `new ChromeOptions()` is preferred to `DesiredCapabilities.chrome()`
Starting ChromeDriver 96.0.4664.45 (76e4c1bb2ab4671b8beba3444e61c0f17584b2fc-refs/branch-heads/4664@{#947}) on port 17616
Only local connections are allowed.
Please see https://chromedriver.chromium.org/security-considerations for suggestions on keeping ChromeDriver safe.
ChromeDriver was started successfully.
[1642864363.764][WARNING]: This version of ChromeDriver has not been tested with Chrome version 97.
ene 22, 2022 10:12:44 AM org.openqa.selenium.remote.ProtocolHandshake createSession
INFORMACIÓN: Detected dialect: W3C
]]></system-err>
</testsuite>
