<?xml version="1.0" encoding="UTF-8"?>
<testsuite name="com.indra.runners.DespegarRunners" tests="0" skipped="0" failures="0" errors="0" timestamp="1970-01-01T00:00:00" hostname="22LAP5CD1346NJJ" time="0.0">
  <properties/>
  <system-out><![CDATA[10:12:37.930 [Test worker] DEBUG net.thucydides.core.util.PropertiesFileLocalPreferences - LOADING LOCAL PROPERTIES FROM C:\Users\SoporteTI\Desktop\DAVIVIENDA-PRUEBA\HU_1\serenity.properties 
10:12:38.227 [Test worker] DEBUG net.thucydides.core.util.PropertiesFileLocalPreferences - LOADING LOCAL PROPERTIES FROM C:\Users\SoporteTI\Desktop\DAVIVIENDA-PRUEBA\HU_1\serenity.properties 
10:12:38.229 [Test worker] DEBUG net.thucydides.core.util.PropertiesFileLocalPreferences - LOADING LOCAL PROPERTIES FROM C:\Users\SoporteTI\Desktop\DAVIVIENDA-PRUEBA\HU_1\serenity.properties 
10:12:38.247 [Test worker] DEBUG net.thucydides.core.util.PropertiesFileLocalPreferences - webdriver.driver=chrome
10:12:38.247 [Test worker] DEBUG net.thucydides.core.util.PropertiesFileLocalPreferences - chrome.capabilities.incognito=true
10:12:38.247 [Test worker] DEBUG net.thucydides.core.util.PropertiesFileLocalPreferences - webdriver.chrome.driver=src/test/resources/drivers/chromedriver.exe
10:12:38.247 [Test worker] DEBUG net.thucydides.core.util.PropertiesFileLocalPreferences - chrome.capabilities.acceptSslCerts=true
10:12:38.248 [Test worker] DEBUG net.thucydides.core.util.PropertiesFileLocalPreferences - serenity.console.colors=true
10:12:38.248 [Test worker] DEBUG net.thucydides.core.util.PropertiesFileLocalPreferences - webdriver.base.url=https://www.despegar.com.co/
10:12:38.249 [Test worker] DEBUG net.thucydides.core.util.PropertiesFileLocalPreferences - serenity.project.name=Dojo Serenity / Cucumber
10:12:38.249 [Test worker] DEBUG net.thucydides.core.util.PropertiesFileLocalPreferences - webdriver.wait.for.timeout=6000
10:12:38.249 [Test worker] DEBUG net.thucydides.core.util.PropertiesFileLocalPreferences - serenity.use.unique.browser=true
10:12:38.249 [Test worker] DEBUG net.thucydides.core.util.PropertiesFileLocalPreferences - webdriver.timeouts.implicitlywait=20000
10:12:38.249 [Test worker] DEBUG net.thucydides.core.util.PropertiesFileLocalPreferences - serenity.browser.maximized=true
10:12:38.674 [Test worker] DEBUG net.thucydides.core.util.PropertiesFileLocalPreferences - LOADING LOCAL PROPERTIES FROM C:\Users\SoporteTI\Desktop\DAVIVIENDA-PRUEBA\HU_1\serenity.properties 
10:12:38.842 [Test worker] DEBUG net.thucydides.core.util.PropertiesFileLocalPreferences - LOADING LOCAL PROPERTIES FROM C:\Users\SoporteTI\Desktop\DAVIVIENDA-PRUEBA\HU_1\serenity.properties 
10:12:38.844 [Test worker] DEBUG net.thucydides.core.util.PropertiesFileLocalPreferences - LOADING LOCAL PROPERTIES FROM C:\Users\SoporteTI\Desktop\DAVIVIENDA-PRUEBA\HU_1\serenity.properties 
10:12:38.846 [Test worker] DEBUG net.thucydides.core.util.PropertiesFileLocalPreferences - webdriver.driver=chrome
10:12:38.846 [Test worker] DEBUG net.thucydides.core.util.PropertiesFileLocalPreferences - chrome.capabilities.incognito=true
10:12:38.846 [Test worker] DEBUG net.thucydides.core.util.PropertiesFileLocalPreferences - webdriver.chrome.driver=src/test/resources/drivers/chromedriver.exe
10:12:38.846 [Test worker] DEBUG net.thucydides.core.util.PropertiesFileLocalPreferences - chrome.capabilities.acceptSslCerts=true
10:12:38.846 [Test worker] DEBUG net.thucydides.core.util.PropertiesFileLocalPreferences - serenity.console.colors=true
10:12:38.846 [Test worker] DEBUG net.thucydides.core.util.PropertiesFileLocalPreferences - webdriver.base.url=https://www.despegar.com.co/
10:12:38.846 [Test worker] DEBUG net.thucydides.core.util.PropertiesFileLocalPreferences - serenity.project.name=Dojo Serenity / Cucumber
10:12:38.847 [Test worker] DEBUG net.thucydides.core.util.PropertiesFileLocalPreferences - webdriver.wait.for.timeout=6000
10:12:38.847 [Test worker] DEBUG net.thucydides.core.util.PropertiesFileLocalPreferences - serenity.use.unique.browser=true
10:12:38.847 [Test worker] DEBUG net.thucydides.core.util.PropertiesFileLocalPreferences - webdriver.timeouts.implicitlywait=20000
10:12:38.847 [Test worker] DEBUG net.thucydides.core.util.PropertiesFileLocalPreferences - serenity.browser.maximized=true
10:12:38.854 [Test worker] INFO net.thucydides.core.steps.ConsoleLoggingListener - ?[96m

-------------------------------------------------------------------------------------
     _______. _______ .______       _______ .__   __.  __  .___________.____    ____ 
    /       ||   ____||   _  \     |   ____||  \ |  | |  | |           |\   \  /   / 
   |   (----`|  |__   |  |_)  |    |  |__   |   \|  | |  | `---|  |----` \   \/   /  
    \   \    |   __|  |      /     |   __|  |  . `  | |  |     |  |       \_    _/   
.----)   |   |  |____ |  |\  \----.|  |____ |  |\   | |  |     |  |         |  |     
|_______/    |_______|| _| `._____||_______||__| \__| |__|     |__|         |__|    
                                                                                     
 News and tutorials at http://www.serenity-bdd.info                                  
 Documentation at https://wakaleo.gitbooks.io/the-serenity-book/content/             
 Join the Serenity Community on Rocket Chat at https://serenity-bdd.rocket.chat      
 Serenity BDD Support and Training at http://serenity-bdd.info/#/trainingandsupport  
 Learn Serenity BDD online at http://serenity-dojo.com                               
-------------------------------------------------------------------------------------
?[0m
10:12:38.859 [Test worker] DEBUG net.thucydides.core.steps.StepEventBus - Test suite started for story net.thucydides.core.model.Story@72f90f83
10:12:38.860 [Test worker] INFO net.thucydides.core.steps.ConsoleLoggingListener - Test Suite Started: Ver distintos vuelos
10:12:38.922 [Test worker] INFO net.thucydides.core.steps.ConsoleLoggingListener - 
 _____ _____ ____ _____   ____ _____  _    ____ _____ _____ ____  
|_   _| ____/ ___|_   _| / ___|_   _|/ \  |  _ \_   _| ____|  _ \ 
  | | |  _| \___ \ | |   \___ \ | | / _ \ | |_) || | |  _| | | | |
  | | | |___ ___) || |    ___) || |/ ___ \|  _ < | | | |___| |_| |
  |_| |_____|____/ |_|   |____/ |_/_/   \_\_| \_\|_| |_____|____/ 
                                                                  

TEST STARTED: el usuario deberia  poder distintos vuelos que coincidan con su criterio de busqueda
-------------------------------------------------------------------(ver-distintos-vuelos;el-usuario-deberia--poder-distintos-vuelos-que-coincidan-con-su-criterio-de-busqueda)
10:13:19.865 [Test worker] DEBUG net.thucydides.core.reports.ReportService - Reporting formats: [JSON, HTML]
10:13:19.952 [Test worker] DEBUG net.thucydides.core.reports.ReportService - Reporting formats: [JSON, HTML]
10:13:19.965 [Test worker] DEBUG net.thucydides.core.reports.ReportService - Generating reports for 1 test outcomes using: net.thucydides.core.reports.json.JSONTestOutcomeReporter@2eca679c
10:13:19.966 [pool-1-thread-1] DEBUG net.thucydides.core.reports.ReportService - Processing test outcome Ver distintos vuelos:el usuario deberia  poder distintos vuelos que coincidan con su criterio de busqueda
10:13:19.967 [pool-1-thread-1] DEBUG net.thucydides.core.reports.ReportService - net.thucydides.core.reports.json.JSONTestOutcomeReporter@2eca679c: Generating report for test outcome: Ver distintos vuelos:el usuario deberia  poder distintos vuelos que coincidan con su criterio de busqueda
10:13:19.971 [pool-1-thread-1] DEBUG net.thucydides.core.reports.json.JSONTestOutcomeReporter - Generating JSON report for el usuario deberia  poder distintos vuelos que coincidan con su criterio de busqueda to file C:\Users\SoporteTI\Desktop\DAVIVIENDA-PRUEBA\HU_1\target\site\serenity\cb028f9686bc5d96c61384f83f3cb790235052334f3f939e312bb0a45b38d4b0.json (using temp file C:\Users\SoporteTI\Desktop\DAVIVIENDA-PRUEBA\HU_1\target\site\serenity\cb028f9686bc5d96c61384f83f3cb790235052334f3f939e312bb0a45b38d4b0.jsone8706558-df4e-47cc-8dc7-1e9b9a4c919d)
10:13:20.057 [pool-1-thread-1] DEBUG net.thucydides.core.reports.ReportService - Processing test outcome Ver distintos vuelos:el usuario deberia  poder distintos vuelos que coincidan con su criterio de busqueda done
10:13:20.058 [Test worker] DEBUG net.thucydides.core.reports.ReportService - Shutting down executor service
10:13:20.058 [Test worker] DEBUG net.thucydides.core.reports.ReportService - Reports generated in: 92 ms
10:13:20.058 [Test worker] DEBUG net.thucydides.core.reports.ReportService - Generating reports for 1 test outcomes using: net.thucydides.core.reports.html.HtmlAcceptanceTestReporter@ae314dc
10:13:20.059 [pool-2-thread-1] DEBUG net.thucydides.core.reports.ReportService - Processing test outcome Ver distintos vuelos:el usuario deberia  poder distintos vuelos que coincidan con su criterio de busqueda
10:13:20.059 [pool-2-thread-1] DEBUG net.thucydides.core.reports.ReportService - net.thucydides.core.reports.html.HtmlAcceptanceTestReporter@ae314dc: Generating report for test outcome: Ver distintos vuelos:el usuario deberia  poder distintos vuelos que coincidan con su criterio de busqueda
10:13:20.059 [pool-2-thread-1] DEBUG net.thucydides.core.reports.html.HtmlAcceptanceTestReporter - GENERATE TEST OUTCOME REPORT FOR el usuario deberia  poder distintos vuelos que coincidan con su criterio de busqueda in cb028f9686bc5d96c61384f83f3cb790235052334f3f939e312bb0a45b38d4b0
10:13:20.072 [pool-2-thread-1] DEBUG net.thucydides.core.requirements.RequirementsTagProvider -  found:[]
10:13:20.078 [pool-2-thread-1] DEBUG net.thucydides.core.requirements.RequirementsTagProvider -  found:[]
10:13:20.136 [pool-2-thread-1] DEBUG net.thucydides.core.requirements.RequirementsTagProvider -  found:[]
10:13:20.137 [pool-2-thread-1] DEBUG net.thucydides.core.requirements.RequirementsTagProvider -  found:[]
10:13:20.368 [pool-2-thread-1] DEBUG net.thucydides.core.reports.html.HtmlAcceptanceTestReporter - Generating report in cb028f9686bc5d96c61384f83f3cb790235052334f3f939e312bb0a45b38d4b0_screenshots.html
10:13:20.799 [pool-2-thread-1] DEBUG net.thucydides.core.reports.html.HtmlAcceptanceTestReporter - Generated report cb028f9686bc5d96c61384f83f3cb790235052334f3f939e312bb0a45b38d4b0_screenshots.html in 431 ms
10:13:20.801 [pool-2-thread-1] DEBUG net.thucydides.core.reports.html.HtmlAcceptanceTestReporter - GENERATING HTML REPORT FOR Ver distintos vuelos:el usuario deberia  poder distintos vuelos que coincidan con su criterio de busqueda in cb028f9686bc5d96c61384f83f3cb790235052334f3f939e312bb0a45b38d4b0.html in directory C:\Users\SoporteTI\Desktop\DAVIVIENDA-PRUEBA\HU_1\target\site\serenity  
10:13:20.803 [pool-2-thread-1] DEBUG net.thucydides.core.reports.html.HtmlAcceptanceTestReporter - Generating report in cb028f9686bc5d96c61384f83f3cb790235052334f3f939e312bb0a45b38d4b0.html
10:13:20.851 [pool-2-thread-1] DEBUG net.thucydides.core.requirements.RequirementsTagProvider -  found:[]
10:13:20.855 [pool-2-thread-1] DEBUG net.thucydides.core.requirements.RequirementsTagProvider -  found:[]
10:13:20.949 [pool-2-thread-1] DEBUG net.thucydides.core.reports.html.HtmlAcceptanceTestReporter - Generated report cb028f9686bc5d96c61384f83f3cb790235052334f3f939e312bb0a45b38d4b0.html in 146 ms
10:13:20.950 [pool-2-thread-1] DEBUG net.thucydides.core.reports.ReportService - Processing test outcome Ver distintos vuelos:el usuario deberia  poder distintos vuelos que coincidan con su criterio de busqueda done
10:13:20.950 [Test worker] DEBUG net.thucydides.core.reports.ReportService - Shutting down executor service
10:13:20.950 [Test worker] DEBUG net.thucydides.core.reports.ReportService - Reports generated in: 892 ms
10:13:21.196 [Test worker] DEBUG net.serenitybdd.core.photography.Darkroom - Closing darkroom
10:13:21.196 [Darkroom Processing Line] DEBUG net.serenitybdd.core.photography.DarkroomProcessingLine - Darkroom processing line shutting down

1 Scenarios (?[32m1 passed?[0m)
3 Steps (?[32m3 passed?[0m)
0m41,358s

]]></system-out>
  <system-err><![CDATA[]]></system-err>
</testsuite>
