<?xml version="1.0" encoding="UTF-8"?>
<testsuite name="Ver distintos vuelos" tests="1" skipped="0" failures="0" errors="0" timestamp="2022-01-22T17:48:59" hostname="22LAP5CD1346NJJ" time="58.522">
  <properties/>
  <testcase name="el usuario deberia  poder distintos vuelos que coincidan con su criterio de busqueda" classname="Ver distintos vuelos" time="58.522"/>
  <system-out><![CDATA[12:49:00.522 [Test worker] INFO net.serenitybdd.core.webdriver.driverproviders.ProvideNewDriver - Instantiating driver
12:49:00.522 [Test worker] INFO net.serenitybdd.core.webdriver.driverproviders.ProvideNewDriver - Driver capabilities: Capabilities {acceptInsecureCerts: false, acceptSslCerts: true, browserName: chrome, goog:chromeOptions: {args: [], extensions: []}, incognito: true, loggingPrefs: org.openqa.selenium.logging..., platform: ANY, version: }
12:49:19.440 [Test worker] DEBUG net.serenitybdd.core.photography.Darkroom - Opening darkroom
12:49:19.442 [Darkroom Processing Line] DEBUG net.serenitybdd.core.photography.DarkroomProcessingLine - Darkroom processing line starting up
12:49:20.104 [Test worker] DEBUG net.serenitybdd.core.photography.Darkroom - Send negative for processing for C:\Users\SoporteTI\Desktop\DAVIVIENDA-PRUEBA\SUBIR\HU_1\target\site\serenity\94c2a80cdaeab32d12ac47f11f1a672d43ca2d20d5278faff1214114daff7f35.png
12:49:20.107 [Darkroom Processing Line] DEBUG net.serenitybdd.core.photography.DarkroomProcessingLine - Processing screenshot image in /var/screenshots/screenshot-3235151808254068697
12:49:20.107 [Darkroom Processing Line] DEBUG net.serenitybdd.core.photography.DarkroomProcessingLine - Saving screenshot to C:\Users\SoporteTI\Desktop\DAVIVIENDA-PRUEBA\SUBIR\HU_1\target\site\serenity\94c2a80cdaeab32d12ac47f11f1a672d43ca2d20d5278faff1214114daff7f35.png
12:49:37.215 [Test worker] DEBUG net.serenitybdd.core.photography.Darkroom - Send negative for processing for C:\Users\SoporteTI\Desktop\DAVIVIENDA-PRUEBA\SUBIR\HU_1\target\site\serenity\1abe697e8e1992460164a0f6b2d8afa86424977dd3f37f98f0c46ba8ce6b4938.png
12:49:37.230 [Darkroom Processing Line] DEBUG net.serenitybdd.core.photography.DarkroomProcessingLine - Processing screenshot image in /var/screenshots/screenshot-6370640389325016812
12:49:37.230 [Darkroom Processing Line] DEBUG net.serenitybdd.core.photography.DarkroomProcessingLine - Saving screenshot to C:\Users\SoporteTI\Desktop\DAVIVIENDA-PRUEBA\SUBIR\HU_1\target\site\serenity\1abe697e8e1992460164a0f6b2d8afa86424977dd3f37f98f0c46ba8ce6b4938.png
12:49:53.164 [Test worker] DEBUG net.serenitybdd.core.photography.Darkroom - Send negative for processing for C:\Users\SoporteTI\Desktop\DAVIVIENDA-PRUEBA\SUBIR\HU_1\target\site\serenity\b274a47babfc6eab361bca4cebbe1a1ac638ec2477070b643a635fe8d1e08e77.png
12:49:53.167 [Darkroom Processing Line] DEBUG net.serenitybdd.core.photography.DarkroomProcessingLine - Processing screenshot image in /var/screenshots/screenshot-5201042671024806350
12:49:53.167 [Darkroom Processing Line] DEBUG net.serenitybdd.core.photography.DarkroomProcessingLine - Saving screenshot to C:\Users\SoporteTI\Desktop\DAVIVIENDA-PRUEBA\SUBIR\HU_1\target\site\serenity\b274a47babfc6eab361bca4cebbe1a1ac638ec2477070b643a635fe8d1e08e77.png
12:49:57.569 [Test worker] INFO net.thucydides.core.steps.ConsoleLoggingListener - ?[92m
        __    _____ _____ ____ _____   ____   _    ____  ____  _____ ____  
  _     \ \  |_   _| ____/ ___|_   _| |  _ \ / \  / ___|/ ___|| ____|  _ \ 
 (_)_____| |   | | |  _| \___ \ | |   | |_) / _ \ \___ \\___ \|  _| | | | |
  _|_____| |   | | | |___ ___) || |   |  __/ ___ \ ___) |___) | |___| |_| |
 (_)     | |   |_| |_____|____/ |_|   |_| /_/   \_\____/|____/|_____|____/ 
        /_/                                                                

TEST PASSED: el usuario deberia  poder distintos vuelos que coincidan con su criterio de busqueda
----------------------------------------------------------------------------?[0m
]]></system-out>
  <system-err><![CDATA[ene 22, 2022 12:48:59 PM org.openqa.selenium.remote.DesiredCapabilities chrome
INFORMACIÓN: Using `new ChromeOptions()` is preferred to `DesiredCapabilities.chrome()`
Starting ChromeDriver 96.0.4664.45 (76e4c1bb2ab4671b8beba3444e61c0f17584b2fc-refs/branch-heads/4664@{#947}) on port 30804
Only local connections are allowed.
Please see https://chromedriver.chromium.org/security-considerations for suggestions on keeping ChromeDriver safe.
ChromeDriver was started successfully.
[1642873745.513][WARNING]: This version of ChromeDriver has not been tested with Chrome version 97.
ene 22, 2022 12:49:06 PM org.openqa.selenium.remote.ProtocolHandshake createSession
INFORMACIÓN: Detected dialect: W3C
]]></system-err>
</testsuite>
